Arguments: 
  /Users/raysrashmi/.nvm/versions/node/v6.9.5/bin/node /usr/local/Cellar/yarn/1.7.0/libexec/bin/yarn.js

PATH: 
  /Users/raysrashmi/.nvm/versions/node/v6.9.5/bin:/Users/raysrashmi/.rbenv/shims:/usr/local/bin:/Users/raysrashmi/bin:/usr/local/sbin:.git/safe/../../bin:.git/safe/../../bin/stubs:/Users/raysrashmi/.rbenv/shims:/Users/raysrashmi/.dotfiles/bin:/Users/raysrashmi/.local/bin:/Users/raysrashmi/bin:/usr/local/share/npm/bin:/usr/local/sbin:/usr/local/bin:/usr/bin:/bin:/usr/sbin:/sbin:/Applications/Postgres.app/Contents/Versions/latest/bin:/Users/raysrashmi/go-code/bin:/Users/raysrashmi/.rvm/bin

Yarn version: 
  1.7.0

Node version: 
  6.9.5

Platform: 
  darwin x64

Trace: 
  SyntaxError: /Users/raysrashmi/mnd/labdays/social-feeds/package.json: Unexpected string in JSON at position 93
      at Object.parse (native)
      at /usr/local/Cellar/yarn/1.7.0/libexec/lib/cli.js:1130:59
      at next (native)
      at step (/usr/local/Cellar/yarn/1.7.0/libexec/lib/cli.js:98:30)
      at /usr/local/Cellar/yarn/1.7.0/libexec/lib/cli.js:109:13

npm manifest: 
  {
    "name": "social-feeds",
    "version": "1.0.0",
    "main": "index.js",
    "license": "MIT"
    "dependencies": {
      "fetch-tweets": "^0.1.7"
    }
  }

yarn manifest: 
  No manifest

Lockfile: 
  No lockfile
